Base path: '/Applications/Unity/Hub/Editor/2019.4.12f1/Unity.app/Contents', plugins path '/Applications/Unity/Hub/Editor/2019.4.12f1/PlaybackEngines'
Cmd: initializeCompiler
Cmd: preprocess
  insize=811 outsize=209 ok=1
Cmd: preprocess
  insize=811 outsize=209 ok=1
Cmd: preprocess
  insize=811 outsize=209 ok=1
Cmd: preprocess
  insize=811 outsize=209 ok=1
Cmd: preprocess
  insize=811 outsize=209 ok=1
Cmd: preprocess
  insize=811 outsize=209 ok=1
Cmd: preprocess
  insize=10932 outsize=862 ok=1
Cmd: preprocess
  insize=3660 outsize=387 ok=1
Cmd: preprocess
  insize=3662 outsize=388 ok=1
Cmd: preprocess
  insize=4423 outsize=376 ok=1
Cmd: compileSnippet
  api=14 type=0 insize=10108 outsize=2179 kw= pd=UNITY_ENABLE_REFLECTION_BUFFERS UNITY_USE_DITHER_MASK_FOR_ALPHABLENDED_SHADOWS UNITY_PBS_USE_BRDF1 UNITY_SPECCUBE_BOX_PROJECTION UNITY_SPECCUBE_BLENDING UNITY_ENABLE_DETAIL_NORMALMAP SHADER_API_DESKTOP UNITY_COLORSPACE_GAMMA UNITY_LIGHT_PROBE_PROXY_VOLUME UNITY_LIGHTMAP_FULL_HDR ok=1
Cmd: compileSnippet
  api=14 type=1 insize=10108 outsize=1143 kw= pd=UNITY_ENABLE_REFLECTION_BUFFERS UNITY_USE_DITHER_MASK_FOR_ALPHABLENDED_SHADOWS UNITY_PBS_USE_BRDF1 UNITY_SPECCUBE_BOX_PROJECTION UNITY_SPECCUBE_BLENDING UNITY_ENABLE_DETAIL_NORMALMAP SHADER_API_DESKTOP UNITY_COLORSPACE_GAMMA UNITY_LIGHT_PROBE_PROXY_VOLUME UNITY_LIGHTMAP_FULL_HDR ok=1
Cmd: preprocess
  insize=10646 outsize=872 ok=1
Cmd: preprocess
  insize=10646 outsize=872 ok=1
Cmd: preprocess
  insize=10646 outsize=872 ok=1
Cmd: preprocess
  insize=10646 outsize=872 ok=1
Cmd: preprocess
  insize=10646 outsize=872 ok=1
Cmd: preprocess
  insize=10646 outsize=872 ok=1
Cmd: preprocess
  insize=10646 outsize=872 ok=1
Cmd: preprocess
  insize=10646 outsize=872 ok=1
Cmd: preprocess
  insize=10646 outsize=872 ok=1
Cmd: preprocess
  insize=10646 outsize=872 ok=1
Cmd: preprocess
  insize=10646 outsize=872 ok=1
Cmd: preprocess
  insize=10646 outsize=872 ok=1
Cmd: preprocess
  insize=10646 outsize=872 ok=1
Cmd: preprocess
  insize=10646 outsize=872 ok=1
Cmd: preprocess
  insize=10646 outsize=872 ok=1
Cmd: preprocess
  insize=811 outsize=209 ok=1
Cmd: preprocess
  insize=811 outsize=209 ok=1
Cmd: preprocess
  insize=811 outsize=209 ok=1
Cmd: preprocess
  insize=811 outsize=209 ok=1
Cmd: preprocess
  insize=811 outsize=209 ok=1
Cmd: preprocess
  insize=811 outsize=209 ok=1
Cmd: preprocess
  insize=10932 outsize=862 ok=1
Cmd: preprocess
  insize=3660 outsize=387 ok=1
Cmd: preprocess
  insize=3662 outsize=388 ok=1
Cmd: preprocess
  insize=4423 outsize=376 ok=1
Cmd: preprocess
  insize=3662 outsize=388 ok=1
Cmd: preprocess
  insize=4423 outsize=376 ok=1
Cmd: preprocess
  insize=10932 outsize=862 ok=1
Cmd: preprocess
  insize=3660 outsize=387 ok=1
Cmd: preprocess
  insize=811 outsize=209 ok=1
Cmd: preprocess
  insize=811 outsize=209 ok=1
Cmd: preprocess
  insize=811 outsize=209 ok=1
Cmd: preprocess
  insize=811 outsize=209 ok=1
Cmd: preprocess
  insize=811 outsize=209 ok=1
Cmd: preprocess
  insize=811 outsize=209 ok=1
Cmd: preprocess
  insize=10932 outsize=862 ok=1
Cmd: preprocess
  insize=3660 outsize=387 ok=1
Cmd: preprocess
  insize=3662 outsize=388 ok=1
Cmd: preprocess
  insize=4423 outsize=376 ok=1
Cmd: preprocess
  insize=3662 outsize=388 ok=1
Cmd: preprocess
  insize=4423 outsize=376 ok=1
Cmd: preprocess
  insize=10932 outsize=862 ok=1
Cmd: preprocess
  insize=3660 outsize=387 ok=1
Cmd: preprocess
  insize=811 outsize=209 ok=1
Cmd: preprocess
  insize=811 outsize=209 ok=1
Cmd: preprocess
  insize=811 outsize=209 ok=1
Cmd: preprocess
  insize=811 outsize=209 ok=1
Cmd: preprocess
  insize=811 outsize=209 ok=1
Cmd: preprocess
  insize=811 outsize=209 ok=1
Cmd: preprocess
  insize=10932 outsize=862 ok=1
Cmd: preprocess
  insize=3660 outsize=387 ok=1
Cmd: preprocess
  insize=3662 outsize=388 ok=1
Cmd: preprocess
  insize=4423 outsize=376 ok=1
Cmd: preprocess
  insize=3662 outsize=388 ok=1
Cmd: preprocess
  insize=4423 outsize=376 ok=1
Cmd: preprocess
  insize=10932 outsize=862 ok=1
Cmd: preprocess
  insize=3660 outsize=387 ok=1
Cmd: preprocess
  insize=811 outsize=209 ok=1
Cmd: preprocess
  insize=811 outsize=209 ok=1
Cmd: preprocess
  insize=811 outsize=209 ok=1
Cmd: preprocess
  insize=811 outsize=209 ok=1
Cmd: preprocess
  insize=811 outsize=209 ok=1
Cmd: preprocess
  insize=811 outsize=209 ok=1
Cmd: preprocess
  insize=10932 outsize=862 ok=1
Cmd: preprocess
  insize=3660 outsize=387 ok=1
Cmd: preprocess
  insize=3662 outsize=388 ok=1
Cmd: preprocess
  insize=4423 outsize=376 ok=1
Cmd: preprocess
  insize=3662 outsize=388 ok=1
Cmd: preprocess
  insize=4423 outsize=376 ok=1
Cmd: preprocess
  insize=10932 outsize=862 ok=1
Cmd: preprocess
  insize=3660 outsize=387 ok=1
Cmd: preprocess
  insize=10646 outsize=872 ok=1
Cmd: preprocess
  insize=3662 outsize=388 ok=1
Cmd: preprocess
  insize=4423 outsize=376 ok=1
Cmd: preprocess
  insize=10932 outsize=862 ok=1
Cmd: preprocess
  insize=3660 outsize=387 ok=1
Cmd: preprocess
  insize=3662 outsize=388 ok=1
Cmd: preprocess
  insize=4423 outsize=376 ok=1
Cmd: preprocess
  insize=10932 outsize=862 ok=1
Cmd: preprocess
  insize=3660 outsize=387 ok=1
Cmd: preprocess
  insize=3891 outsize=375 ok=1
Cmd: preprocess
  insize=10352 outsize=861 ok=1
Cmd: preprocess
  insize=4423 outsize=376 ok=1
Cmd: preprocess
  insize=10932 outsize=862 ok=1
Cmd: preprocess
  insize=10646 outsize=872 ok=1
Cmd: preprocess
  insize=10646 outsize=872 ok=1
Cmd: preprocess
  insize=811 outsize=209 ok=1
Cmd: preprocess
  insize=811 outsize=209 ok=1
Cmd: preprocess
  insize=811 outsize=209 ok=1
Cmd: preprocess
  insize=811 outsize=209 ok=1
Cmd: preprocess
  insize=811 outsize=209 ok=1
Cmd: preprocess
  insize=811 outsize=209 ok=1
Cmd: preprocess
  insize=10932 outsize=862 ok=1
Cmd: preprocess
  insize=3660 outsize=387 ok=1
Cmd: preprocess
  insize=3662 outsize=388 ok=1
Cmd: preprocess
  insize=4423 outsize=376 ok=1
Cmd: preprocess
  insize=3662 outsize=388 ok=1
Cmd: preprocess
  insize=4423 outsize=376 ok=1
Cmd: preprocess
  insize=10932 outsize=862 ok=1
Cmd: preprocess
  insize=3660 outsize=387 ok=1
Cmd: preprocess
  insize=811 outsize=209 ok=1
Cmd: preprocess
  insize=811 outsize=209 ok=1
Cmd: preprocess
  insize=811 outsize=209 ok=1
Cmd: preprocess
  insize=811 outsize=209 ok=1
Cmd: preprocess
  insize=811 outsize=209 ok=1
Cmd: preprocess
  insize=811 outsize=209 ok=1
Cmd: preprocess
  insize=10932 outsize=862 ok=1
Cmd: preprocess
  insize=3660 outsize=387 ok=1
Cmd: preprocess
  insize=3662 outsize=388 ok=1
Cmd: preprocess
  insize=4423 outsize=376 ok=1
Cmd: preprocess
  insize=3662 outsize=388 ok=1
Cmd: preprocess
  insize=4423 outsize=376 ok=1
Cmd: preprocess
  insize=10932 outsize=862 ok=1
Cmd: preprocess
  insize=3660 outsize=387 ok=1
Cmd: preprocess
  insize=811 outsize=209 ok=1
Cmd: preprocess
  insize=811 outsize=209 ok=1
Cmd: preprocess
  insize=811 outsize=209 ok=1
Cmd: preprocess
  insize=811 outsize=209 ok=1
Cmd: preprocess
  insize=811 outsize=209 ok=1
Cmd: preprocess
  insize=811 outsize=209 ok=1
Cmd: preprocess
  insize=10932 outsize=862 ok=1
Cmd: preprocess
  insize=3660 outsize=387 ok=1
Cmd: preprocess
  insize=3662 outsize=388 ok=1
Cmd: preprocess
  insize=4423 outsize=376 ok=1
Cmd: preprocess
  insize=3662 outsize=388 ok=1
Cmd: preprocess
  insize=4423 outsize=376 ok=1
Cmd: preprocess
  insize=10932 outsize=862 ok=1
Cmd: preprocess
  insize=3660 outsize=387 ok=1
Cmd: preprocess
  insize=10646 outsize=872 ok=1
Cmd: preprocess
  insize=10646 outsize=872 ok=1
Cmd: preprocess
  insize=10646 outsize=872 ok=1
Cmd: preprocess
  insize=10646 outsize=872 ok=1
Cmd: preprocess
  insize=10646 outsize=872 ok=1
Cmd: preprocess
  insize=10646 outsize=872 ok=1
Cmd: preprocess
  insize=10646 outsize=872 ok=1
Cmd: preprocess
  insize=10646 outsize=872 ok=1
Cmd: preprocess
  insize=10646 outsize=872 ok=1
Cmd: preprocess
  insize=10646 outsize=872 ok=1
Cmd: preprocess
  insize=4423 outsize=376 ok=1
Cmd: preprocess
  insize=10932 outsize=862 ok=1
Cmd: preprocess
  insize=4419 outsize=376 ok=1
Cmd: preprocess
  insize=10928 outsize=862 ok=1
Cmd: preprocess
  insize=4423 outsize=376 ok=1
Cmd: preprocess
  insize=10932 outsize=862 ok=1
Cmd: preprocess
  insize=811 outsize=209 ok=1
Cmd: preprocess
  insize=811 outsize=209 ok=1
Cmd: preprocess
  insize=3270 outsize=434 ok=1
Cmd: preprocess
  insize=3997 outsize=435 ok=1
Cmd: preprocess
  insize=4041 outsize=435 ok=1
Cmd: preprocess
  insize=4811 outsize=428 ok=1
Cmd: preprocess
  insize=11396 outsize=913 ok=1
Cmd: preprocess
  insize=11124 outsize=940 ok=1
Cmd: compileSnippet
  api=14 type=0 insize=10518 outsize=2179 kw= pd=UNITY_ENABLE_REFLECTION_BUFFERS UNITY_USE_DITHER_MASK_FOR_ALPHABLENDED_SHADOWS UNITY_PBS_USE_BRDF1 UNITY_SPECCUBE_BOX_PROJECTION UNITY_SPECCUBE_BLENDING UNITY_ENABLE_DETAIL_NORMALMAP SHADER_API_DESKTOP UNITY_COLORSPACE_GAMMA UNITY_LIGHT_PROBE_PROXY_VOLUME UNITY_LIGHTMAP_FULL_HDR ok=1
Cmd: compileSnippet
  api=14 type=1 insize=10518 outsize=1312 kw= pd=UNITY_ENABLE_REFLECTION_BUFFERS UNITY_USE_DITHER_MASK_FOR_ALPHABLENDED_SHADOWS UNITY_PBS_USE_BRDF1 UNITY_SPECCUBE_BOX_PROJECTION UNITY_SPECCUBE_BLENDING UNITY_ENABLE_DETAIL_NORMALMAP SHADER_API_DESKTOP UNITY_COLORSPACE_GAMMA UNITY_LIGHT_PROBE_PROXY_VOLUME UNITY_LIGHTMAP_FULL_HDR ok=1
Cmd: preprocess
  insize=811 outsize=209 ok=1
Cmd: preprocess
  insize=811 outsize=209 ok=1
Cmd: preprocess
  insize=811 outsize=209 ok=1
Cmd: preprocess
  insize=811 outsize=209 ok=1
Cmd: preprocess
  insize=811 outsize=209 ok=1
Cmd: preprocess
  insize=811 outsize=209 ok=1
Cmd: preprocess
  insize=811 outsize=209 ok=1
Cmd: preprocess
  insize=811 outsize=209 ok=1
Cmd: preprocess
  insize=11410 outsize=927 ok=1
Cmd: preprocess
  insize=3755 outsize=456 ok=1
Cmd: preprocess
  insize=3757 outsize=456 ok=1
Cmd: preprocess
  insize=4825 outsize=442 ok=1
Cmd: preprocess
  insize=4055 outsize=449 ok=1
Cmd: preprocess
  insize=4055 outsize=449 ok=1
Cmd: preprocess
  insize=4825 outsize=442 ok=1
Cmd: preprocess
  insize=11410 outsize=927 ok=1
Cmd: preprocess
  insize=3757 outsize=456 ok=1
Cmd: preprocess
  insize=3755 outsize=456 ok=1
Cmd: preprocess
  insize=811 outsize=209 ok=1
Cmd: preprocess
  insize=811 outsize=209 ok=1
Cmd: preprocess
  insize=811 outsize=209 ok=1
Cmd: preprocess
  insize=811 outsize=209 ok=1
Cmd: preprocess
  insize=811 outsize=209 ok=1
Cmd: preprocess
  insize=811 outsize=209 ok=1
Cmd: preprocess
  insize=811 outsize=209 ok=1
Cmd: preprocess
  insize=811 outsize=209 ok=1
Cmd: preprocess
  insize=11410 outsize=927 ok=1
Cmd: preprocess
  insize=3755 outsize=456 ok=1
Cmd: preprocess
  insize=3757 outsize=456 ok=1
Cmd: preprocess
  insize=4825 outsize=442 ok=1
Cmd: preprocess
  insize=4055 outsize=449 ok=1
Cmd: preprocess
  insize=4055 outsize=449 ok=1
Cmd: preprocess
  insize=4825 outsize=442 ok=1
Cmd: preprocess
  insize=11410 outsize=927 ok=1
Cmd: preprocess
  insize=3757 outsize=456 ok=1
Cmd: preprocess
  insize=3755 outsize=456 ok=1
Cmd: preprocess
  insize=11124 outsize=940 ok=1
Cmd: preprocess
  insize=811 outsize=209 ok=1
Cmd: preprocess
  insize=811 outsize=209 ok=1
Cmd: preprocess
  insize=811 outsize=209 ok=1
Cmd: preprocess
  insize=811 outsize=209 ok=1
Cmd: preprocess
  insize=811 outsize=209 ok=1
Cmd: preprocess
  insize=811 outsize=209 ok=1
Cmd: preprocess
  insize=811 outsize=209 ok=1
Cmd: preprocess
  insize=811 outsize=209 ok=1
Cmd: preprocess
  insize=11410 outsize=927 ok=1
Cmd: preprocess
  insize=3755 outsize=456 ok=1
Cmd: preprocess
  insize=3757 outsize=456 ok=1
Cmd: preprocess
  insize=4825 outsize=442 ok=1
Cmd: preprocess
  insize=4055 outsize=449 ok=1
Cmd: preprocess
  insize=4055 outsize=449 ok=1
Cmd: preprocess
  insize=4825 outsize=442 ok=1
Cmd: preprocess
  insize=11410 outsize=927 ok=1
Cmd: preprocess
  insize=3757 outsize=456 ok=1
Cmd: preprocess
  insize=3755 outsize=456 ok=1
Cmd: preprocess
  insize=811 outsize=209 ok=1
Cmd: preprocess
  insize=811 outsize=209 ok=1
Cmd: preprocess
  insize=811 outsize=209 ok=1
Cmd: preprocess
  insize=811 outsize=209 ok=1
Cmd: preprocess
  insize=811 outsize=209 ok=1
Cmd: preprocess
  insize=811 outsize=209 ok=1
Cmd: preprocess
  insize=811 outsize=209 ok=1
Cmd: preprocess
  insize=811 outsize=209 ok=1
Cmd: preprocess
  insize=11410 outsize=927 ok=1
Cmd: preprocess
  insize=3755 outsize=456 ok=1
Cmd: preprocess
  insize=3757 outsize=456 ok=1
Cmd: preprocess
  insize=4825 outsize=442 ok=1
Cmd: preprocess
  insize=4055 outsize=449 ok=1
Cmd: preprocess
  insize=4055 outsize=449 ok=1
Cmd: preprocess
  insize=4825 outsize=442 ok=1
Cmd: preprocess
  insize=11410 outsize=927 ok=1
Cmd: preprocess
  insize=3757 outsize=456 ok=1
Cmd: preprocess
  insize=3755 outsize=456 ok=1
Cmd: preprocess
  insize=11124 outsize=940 ok=1
Cmd: preprocess
  insize=811 outsize=209 ok=1
Cmd: preprocess
  insize=811 outsize=209 ok=1
Cmd: preprocess
  insize=811 outsize=209 ok=1
Cmd: preprocess
  insize=811 outsize=209 ok=1
Cmd: preprocess
  insize=811 outsize=209 ok=1
Cmd: preprocess
  insize=811 outsize=209 ok=1
Cmd: preprocess
  insize=811 outsize=209 ok=1
Cmd: preprocess
  insize=811 outsize=209 ok=1
Cmd: preprocess
  insize=11410 outsize=927 ok=1
Cmd: preprocess
  insize=3755 outsize=456 ok=1
Cmd: preprocess
  insize=3757 outsize=456 ok=1
Cmd: preprocess
  insize=4825 outsize=442 ok=1
Cmd: preprocess
  insize=4055 outsize=449 ok=1
Cmd: preprocess
  insize=4055 outsize=449 ok=1
Cmd: preprocess
  insize=4825 outsize=442 ok=1
Cmd: preprocess
  insize=11410 outsize=927 ok=1
Cmd: preprocess
  insize=3757 outsize=456 ok=1
Cmd: preprocess
  insize=3755 outsize=456 ok=1
Cmd: preprocess
  insize=11124 outsize=940 ok=1
Cmd: preprocess
  insize=11124 outsize=940 ok=1
Cmd: preprocess
  insize=11124 outsize=940 ok=1
Cmd: preprocess
  insize=811 outsize=209 ok=1
Cmd: preprocess
  insize=811 outsize=209 ok=1
Cmd: preprocess
  insize=811 outsize=209 ok=1
Cmd: preprocess
  insize=811 outsize=209 ok=1
Cmd: preprocess
  insize=811 outsize=209 ok=1
Cmd: preprocess
  insize=811 outsize=209 ok=1
Cmd: preprocess
  insize=811 outsize=209 ok=1
Cmd: preprocess
  insize=811 outsize=209 ok=1
Cmd: preprocess
  insize=11410 outsize=927 ok=1
Cmd: preprocess
  insize=3755 outsize=456 ok=1
Cmd: preprocess
  insize=3757 outsize=456 ok=1
Cmd: preprocess
  insize=4825 outsize=442 ok=1
Cmd: preprocess
  insize=4055 outsize=449 ok=1
Cmd: preprocess
  insize=4055 outsize=449 ok=1
Cmd: preprocess
  insize=4825 outsize=442 ok=1
Cmd: preprocess
  insize=11410 outsize=927 ok=1
Cmd: preprocess
  insize=3757 outsize=456 ok=1
Cmd: preprocess
  insize=3755 outsize=456 ok=1
Cmd: preprocess
  insize=811 outsize=209 ok=1
Cmd: preprocess
  insize=811 outsize=209 ok=1
Cmd: preprocess
  insize=811 outsize=209 ok=1
Cmd: preprocess
  insize=811 outsize=209 ok=1
Cmd: preprocess
  insize=811 outsize=209 ok=1
Cmd: preprocess
  insize=811 outsize=209 ok=1
Cmd: preprocess
  insize=811 outsize=209 ok=1
Cmd: preprocess
  insize=811 outsize=209 ok=1
Cmd: preprocess
  insize=11410 outsize=927 ok=1
Cmd: preprocess
  insize=3755 outsize=456 ok=1
Cmd: preprocess
  insize=3757 outsize=456 ok=1
Cmd: preprocess
  insize=4825 outsize=442 ok=1
Cmd: preprocess
  insize=4055 outsize=449 ok=1
Cmd: preprocess
  insize=4055 outsize=449 ok=1
Cmd: preprocess
  insize=4825 outsize=442 ok=1
Cmd: preprocess
  insize=11410 outsize=927 ok=1
Cmd: preprocess
  insize=3757 outsize=456 ok=1
Cmd: preprocess
  insize=3755 outsize=456 ok=1
Cmd: preprocess
  insize=811 outsize=209 ok=1
Cmd: preprocess
  insize=811 outsize=209 ok=1
Cmd: preprocess
  insize=811 outsize=209 ok=1
Cmd: preprocess
  insize=811 outsize=209 ok=1
Cmd: preprocess
  insize=811 outsize=209 ok=1
Cmd: preprocess
  insize=811 outsize=209 ok=1
Cmd: preprocess
  insize=811 outsize=209 ok=1
Cmd: preprocess
  insize=811 outsize=209 ok=1
Cmd: preprocess
  insize=11410 outsize=927 ok=1
Cmd: preprocess
  insize=3755 outsize=456 ok=1
Cmd: preprocess
  insize=3757 outsize=456 ok=1
Cmd: preprocess
  insize=4825 outsize=442 ok=1
Cmd: preprocess
  insize=4055 outsize=449 ok=1
Cmd: preprocess
  insize=4055 outsize=449 ok=1
Cmd: preprocess
  insize=4825 outsize=442 ok=1
Cmd: preprocess
  insize=11410 outsize=927 ok=1
Cmd: preprocess
  insize=3757 outsize=456 ok=1
Cmd: preprocess
  insize=3755 outsize=456 ok=1
Cmd: preprocess
  insize=811 outsize=209 ok=1
Cmd: preprocess
  insize=811 outsize=209 ok=1
Cmd: preprocess
  insize=811 outsize=209 ok=1
Cmd: preprocess
  insize=811 outsize=209 ok=1
Cmd: preprocess
  insize=811 outsize=209 ok=1
Cmd: preprocess
  insize=811 outsize=209 ok=1
Cmd: preprocess
  insize=811 outsize=209 ok=1
Cmd: preprocess
  insize=811 outsize=209 ok=1
Cmd: preprocess
  insize=11410 outsize=927 ok=1
Cmd: preprocess
  insize=3755 outsize=456 ok=1
Cmd: preprocess
  insize=3757 outsize=456 ok=1
Cmd: preprocess
  insize=4825 outsize=442 ok=1
Cmd: preprocess
  insize=4055 outsize=449 ok=1
Cmd: preprocess
  insize=4055 outsize=449 ok=1
Cmd: preprocess
  insize=4825 outsize=442 ok=1
Cmd: preprocess
  insize=11410 outsize=927 ok=1
Cmd: preprocess
  insize=3757 outsize=456 ok=1
Cmd: preprocess
  insize=3755 outsize=456 ok=1
Cmd: preprocess
  insize=811 outsize=209 ok=1
Cmd: preprocess
  insize=811 outsize=209 ok=1
Cmd: preprocess
  insize=811 outsize=209 ok=1
Cmd: preprocess
  insize=811 outsize=209 ok=1
Cmd: preprocess
  insize=811 outsize=209 ok=1
Cmd: preprocess
  insize=811 outsize=209 ok=1
Cmd: preprocess
  insize=811 outsize=209 ok=1
Cmd: preprocess
  insize=811 outsize=209 ok=1
Cmd: preprocess
  insize=11410 outsize=927 ok=1
Cmd: preprocess
  insize=3755 outsize=456 ok=1
Cmd: preprocess
  insize=3757 outsize=456 ok=1
Cmd: preprocess
  insize=4825 outsize=442 ok=1
Cmd: preprocess
  insize=4055 outsize=449 ok=1
Cmd: preprocess
  insize=4055 outsize=449 ok=1
Cmd: preprocess
  insize=4825 outsize=442 ok=1
Cmd: preprocess
  insize=11410 outsize=927 ok=1
Cmd: preprocess
  insize=3757 outsize=456 ok=1
Cmd: preprocess
  insize=3755 outsize=456 ok=1
Cmd: preprocess
  insize=811 outsize=209 ok=1
Cmd: preprocess
  insize=811 outsize=209 ok=1
Cmd: preprocess
  insize=811 outsize=209 ok=1
Cmd: preprocess
  insize=811 outsize=209 ok=1
Cmd: preprocess
  insize=811 outsize=209 ok=1
Cmd: preprocess
  insize=811 outsize=209 ok=1
Cmd: preprocess
  insize=811 outsize=209 ok=1
Cmd: preprocess
  insize=811 outsize=209 ok=1
Cmd: preprocess
  insize=11410 outsize=927 ok=1
Cmd: preprocess
  insize=3755 outsize=456 ok=1
Cmd: preprocess
  insize=3757 outsize=456 ok=1
Cmd: preprocess
  insize=4825 outsize=442 ok=1
Cmd: preprocess
  insize=4055 outsize=449 ok=1
Cmd: preprocess
  insize=4055 outsize=449 ok=1
Cmd: preprocess
  insize=4825 outsize=442 ok=1
Cmd: preprocess
  insize=11410 outsize=927 ok=1
Cmd: preprocess
  insize=3757 outsize=456 ok=1
Cmd: preprocess
  insize=3755 outsize=456 ok=1
Cmd: preprocess
  insize=811 outsize=209 ok=1
Cmd: preprocess
  insize=811 outsize=209 ok=1
Cmd: preprocess
  insize=811 outsize=209 ok=1
Cmd: preprocess
  insize=811 outsize=209 ok=1
Cmd: preprocess
  insize=811 outsize=209 ok=1
Cmd: preprocess
  insize=811 outsize=209 ok=1
Cmd: preprocess
  insize=811 outsize=209 ok=1
Cmd: preprocess
  insize=811 outsize=209 ok=1
Cmd: preprocess
  insize=11410 outsize=927 ok=1
Cmd: preprocess
  insize=3755 outsize=456 ok=1
Cmd: preprocess
  insize=3757 outsize=456 ok=1
Cmd: preprocess
  insize=4825 outsize=442 ok=1
Cmd: preprocess
  insize=4055 outsize=449 ok=1
Cmd: preprocess
  insize=4055 outsize=449 ok=1
Cmd: preprocess
  insize=4825 outsize=442 ok=1
Cmd: preprocess
  insize=11410 outsize=927 ok=1
Cmd: preprocess
  insize=3757 outsize=456 ok=1
Cmd: preprocess
  insize=3755 outsize=456 ok=1
Cmd: preprocess
  insize=811 outsize=209 ok=1
Cmd: preprocess
  insize=811 outsize=209 ok=1
Cmd: preprocess
  insize=811 outsize=209 ok=1
Cmd: preprocess
  insize=811 outsize=209 ok=1
Cmd: preprocess
  insize=811 outsize=209 ok=1
Cmd: preprocess
  insize=811 outsize=209 ok=1
Cmd: preprocess
  insize=811 outsize=209 ok=1
Cmd: preprocess
  insize=811 outsize=209 ok=1
Cmd: preprocess
  insize=11410 outsize=927 ok=1
Cmd: preprocess
  insize=3755 outsize=456 ok=1
Cmd: preprocess
  insize=3757 outsize=456 ok=1
Cmd: preprocess
  insize=4825 outsize=442 ok=1
Cmd: preprocess
  insize=4055 outsize=449 ok=1
Cmd: preprocess
  insize=4055 outsize=449 ok=1
Cmd: preprocess
  insize=4825 outsize=442 ok=1
Cmd: preprocess
  insize=11410 outsize=927 ok=1
Cmd: preprocess
  insize=3757 outsize=456 ok=1
Cmd: preprocess
  insize=3755 outsize=456 ok=1
Cmd: preprocess
  insize=811 outsize=209 ok=1
Cmd: preprocess
  insize=811 outsize=209 ok=1
Cmd: preprocess
  insize=811 outsize=209 ok=1
Cmd: preprocess
  insize=811 outsize=209 ok=1
Cmd: preprocess
  insize=811 outsize=209 ok=1
Cmd: preprocess
  insize=811 outsize=209 ok=1
Cmd: preprocess
  insize=811 outsize=209 ok=1
Cmd: preprocess
  insize=811 outsize=209 ok=1
Cmd: preprocess
  insize=11410 outsize=927 ok=1
Cmd: preprocess
  insize=3755 outsize=456 ok=1
Cmd: preprocess
  insize=3757 outsize=456 ok=1
Cmd: preprocess
  insize=4825 outsize=442 ok=1
Cmd: preprocess
  insize=4055 outsize=449 ok=1
Cmd: preprocess
  insize=4055 outsize=449 ok=1
Cmd: preprocess
  insize=4825 outsize=442 ok=1
Cmd: preprocess
  insize=11410 outsize=927 ok=1
Cmd: preprocess
  insize=3757 outsize=456 ok=1
Cmd: preprocess
  insize=3755 outsize=456 ok=1
Cmd: preprocess
  insize=811 outsize=209 ok=1
Cmd: preprocess
  insize=811 outsize=209 ok=1
Cmd: preprocess
  insize=811 outsize=209 ok=1
Cmd: preprocess
  insize=811 outsize=209 ok=1
Cmd: preprocess
  insize=811 outsize=209 ok=1
Cmd: preprocess
  insize=811 outsize=209 ok=1
Cmd: preprocess
  insize=811 outsize=209 ok=1
Cmd: preprocess
  insize=811 outsize=209 ok=1
Cmd: preprocess
  insize=11410 outsize=927 ok=1
Cmd: preprocess
  insize=3755 outsize=456 ok=1
Cmd: preprocess
  insize=3757 outsize=456 ok=1
Cmd: preprocess
  insize=4825 outsize=442 ok=1
Cmd: preprocess
  insize=4055 outsize=449 ok=1
Cmd: preprocess
  insize=4055 outsize=449 ok=1
Cmd: preprocess
  insize=4825 outsize=442 ok=1
Cmd: preprocess
  insize=11410 outsize=927 ok=1
Cmd: preprocess
  insize=3757 outsize=456 ok=1
Cmd: preprocess
  insize=3755 outsize=456 ok=1
Cmd: preprocess
  insize=811 outsize=209 ok=1
Cmd: preprocess
  insize=811 outsize=209 ok=1
Cmd: preprocess
  insize=811 outsize=209 ok=1
Cmd: preprocess
  insize=811 outsize=209 ok=1
Cmd: preprocess
  insize=811 outsize=209 ok=1
Cmd: preprocess
  insize=811 outsize=209 ok=1
Cmd: preprocess
  insize=811 outsize=209 ok=1
Cmd: preprocess
  insize=811 outsize=209 ok=1
Cmd: preprocess
  insize=11410 outsize=927 ok=1
Cmd: preprocess
  insize=3755 outsize=456 ok=1
Cmd: preprocess
  insize=3757 outsize=456 ok=1
Cmd: preprocess
  insize=4825 outsize=442 ok=1
Cmd: preprocess
  insize=4055 outsize=449 ok=1
Cmd: preprocess
  insize=4055 outsize=449 ok=1
Cmd: preprocess
  insize=4825 outsize=442 ok=1
Cmd: preprocess
  insize=11410 outsize=927 ok=1
Cmd: preprocess
  insize=3757 outsize=456 ok=1
Cmd: preprocess
  insize=3755 outsize=456 ok=1
Cmd: preprocess
  insize=811 outsize=209 ok=1
Cmd: preprocess
  insize=811 outsize=209 ok=1
Cmd: preprocess
  insize=811 outsize=209 ok=1
Cmd: preprocess
  insize=811 outsize=209 ok=1
Cmd: preprocess
  insize=811 outsize=209 ok=1
Cmd: preprocess
  insize=811 outsize=209 ok=1
Cmd: preprocess
  insize=811 outsize=209 ok=1
Cmd: preprocess
  insize=811 outsize=209 ok=1
Cmd: preprocess
  insize=11410 outsize=927 ok=1
Cmd: preprocess
  insize=3755 outsize=456 ok=1
Cmd: preprocess
  insize=3757 outsize=456 ok=1
Cmd: preprocess
  insize=4825 outsize=442 ok=1
Cmd: preprocess
  insize=4055 outsize=449 ok=1
Cmd: preprocess
  insize=4055 outsize=449 ok=1
Cmd: preprocess
  insize=4825 outsize=442 ok=1
Cmd: preprocess
  insize=11410 outsize=927 ok=1
Cmd: preprocess
  insize=3757 outsize=456 ok=1
Cmd: preprocess
  insize=3755 outsize=456 ok=1
Cmd: preprocess
  insize=811 outsize=209 ok=1
Cmd: preprocess
  insize=811 outsize=209 ok=1
Cmd: preprocess
  insize=811 outsize=209 ok=1
Cmd: preprocess
  insize=811 outsize=209 ok=1
Cmd: preprocess
  insize=811 outsize=209 ok=1
Cmd: preprocess
  insize=811 outsize=209 ok=1
Cmd: preprocess
  insize=811 outsize=209 ok=1
Cmd: preprocess
  insize=811 outsize=209 ok=1
Cmd: preprocess
  insize=11410 outsize=927 ok=1
Cmd: preprocess
  insize=3755 outsize=456 ok=1
Cmd: preprocess
  insize=3757 outsize=456 ok=1
Cmd: preprocess
  insize=4825 outsize=442 ok=1
Cmd: preprocess
  insize=4055 outsize=449 ok=1
Cmd: preprocess
  insize=4055 outsize=449 ok=1
Cmd: preprocess
  insize=4825 outsize=442 ok=1
Cmd: preprocess
  insize=11410 outsize=927 ok=1
Cmd: preprocess
  insize=3757 outsize=456 ok=1
Cmd: preprocess
  insize=3755 outsize=456 ok=1
Cmd: preprocess
  insize=811 outsize=209 ok=1
Cmd: preprocess
  insize=811 outsize=209 ok=1
Cmd: preprocess
  insize=811 outsize=209 ok=1
Cmd: preprocess
  insize=811 outsize=209 ok=1
Cmd: preprocess
  insize=811 outsize=209 ok=1
Cmd: preprocess
  insize=811 outsize=209 ok=1
Cmd: preprocess
  insize=811 outsize=209 ok=1
Cmd: preprocess
  insize=811 outsize=209 ok=1
Cmd: preprocess
  insize=11410 outsize=927 ok=1
Cmd: preprocess
  insize=3755 outsize=456 ok=1
Cmd: preprocess
  insize=3757 outsize=456 ok=1
Cmd: preprocess
  insize=4825 outsize=442 ok=1
Cmd: preprocess
  insize=4055 outsize=449 ok=1
Cmd: preprocess
  insize=4055 outsize=449 ok=1
Cmd: preprocess
  insize=4825 outsize=442 ok=1
Cmd: preprocess
  insize=11410 outsize=927 ok=1
Cmd: preprocess
  insize=3757 outsize=456 ok=1
Cmd: preprocess
  insize=3755 outsize=456 ok=1
